2017-12-12 08:20:39 - INFO -com.adcc.raim.App.<clinit>(App.java:24) - 2
2017-12-12 08:21:19 - INFO -com.adcc.raim.App.<clinit>(App.java:24) - 2
2017-12-12 08:43:29 - INFO -com.adcc.raim.App.<clinit>(App.java:24) - 2
2017-12-12 09:43:52 - INFO -com.adcc.raim.App.<clinit>(App.java:24) - 2
2017-12-12 09:44:30 - INFO -com.adcc.raim.App.<clinit>(App.java:24) - 2
2017-12-12 09:51:32 - INFO -com.adcc.raim.App.<clinit>(App.java:24) - 2
2017-12-12 09:52:05 - INFO -com.adcc.raim.App.<clinit>(App.java:24) - 2
2017-12-12 09:52:56 - INFO -com.adcc.raim.App.<clinit>(App.java:24) - 2
2017-12-12 09:53:24 - INFO -com.adcc.raim.App.<clinit>(App.java:24) - 2
2017-12-12 09:55:22 - INFO -com.adcc.raim.App.<clinit>(App.java:24) - 2
2017-12-12 09:55:29 - INFO -com.adcc.raim.App.<clinit>(App.java:24) - 2
2017-12-12 09:55:38 - INFO -com.adcc.raim.App.<clinit>(App.java:24) - 2
2017-12-12 09:56:14 - INFO -com.adcc.raim.App.<clinit>(App.java:24) - 2
2017-12-12 09:56:48 - INFO -com.adcc.raim.App.<clinit>(App.java:24) - 2
2017-12-12 10:07:22 - INFO -com.adcc.raim.App.<clinit>(App.java:24) - 2
2017-12-12 10:08:36 - INFO -com.adcc.raim.App.<clinit>(App.java:24) - 2
2017-12-12 10:10:40 - INFO -com.adcc.raim.App.<clinit>(App.java:24) - 2
2017-12-12 10:33:39 - INFO -com.adcc.raim.App.<clinit>(App.java:24) - 2
2017-12-12 10:49:16 - INFO -com.adcc.raim.App.<clinit>(App.java:24) - 2
2017-12-12 10:54:01 - INFO -com.adcc.raim.App.<clinit>(App.java:24) - 2
2017-12-12 10:54:14 - INFO -com.adcc.raim.App.<clinit>(App.java:24) - 2
2017-12-12 10:55:40 - INFO -com.adcc.raim.App.<clinit>(App.java:24) - 2
2017-12-12 10:56:16 - INFO -com.adcc.raim.App.<clinit>(App.java:24) - 2
2017-12-12 11:00:51 - INFO -com.adcc.raim.App.<clinit>(App.java:24) - 2
2017-12-12 11:01:19 - INFO -com.adcc.raim.App.<clinit>(App.java:24) - 2
2017-12-12 11:05:46 - INFO -com.adcc.raim.App.<clinit>(App.java:24) - 2
2017-12-12 11:07:59 - INFO -com.adcc.raim.App.<clinit>(App.java:24) - 2
2017-12-12 11:14:01 - INFO -com.adcc.raim.App.<clinit>(App.java:24) - 2
2017-12-12 13:54:14 - INFO -com.adcc.raim.App.<clinit>(App.java:24) - 2
2017-12-12 13:58:17 - INFO -com.adcc.raim.App.<clinit>(App.java:24) - 2
2017-12-12 13:58:55 - INFO -com.adcc.raim.controller.ErrorProcessControllerAdvice.processException(ErrorProcessControllerAdvice.java:45) - 自定义异常处理-Exception
2017-12-12 14:01:46 - INFO -com.adcc.raim.App.<clinit>(App.java:24) - 2
2017-12-12 14:01:51 - INFO -com.adcc.raim.controller.ErrorProcessControllerAdvice.processException(ErrorProcessControllerAdvice.java:45) - 自定义异常处理-Exception
2017-12-12 14:02:05 - INFO -com.adcc.raim.controller.ErrorProcessControllerAdvice.processException(ErrorProcessControllerAdvice.java:45) - 自定义异常处理-Exception
2017-12-12 14:02:35 - INFO -com.adcc.raim.App.<clinit>(App.java:24) - 2
2017-12-12 14:02:48 - INFO -com.adcc.raim.controller.ErrorProcessControllerAdvice.processException(ErrorProcessControllerAdvice.java:45) - 自定义异常处理-Exception
2017-12-12 14:03:00 - INFO -com.adcc.raim.controller.ErrorProcessControllerAdvice.processException(ErrorProcessControllerAdvice.java:45) - 自定义异常处理-Exception
2017-12-12 14:03:24 - INFO -com.adcc.raim.App.<clinit>(App.java:24) - 2
2017-12-12 14:03:44 - ERROR -com.adcc.raim.controller.UserController.findByName(UserController.java:311) - 
2017-12-12 14:04:13 - ERROR -com.adcc.raim.controller.UserController.findByName(UserController.java:311) - 
2017-12-12 14:06:20 - INFO -com.adcc.raim.App.<clinit>(App.java:24) - 2
2017-12-12 14:06:32 - ERROR -com.adcc.raim.controller.UserController.findByName(UserController.java:311) - 
2017-12-12 14:07:20 - ERROR -com.adcc.raim.controller.UserController.findByName(UserController.java:311) - 
2017-12-12 14:21:27 - INFO -com.adcc.raim.App.<clinit>(App.java:24) - 2
2017-12-12 14:23:35 - INFO -com.adcc.raim.App.<clinit>(App.java:24) - 2
2017-12-12 14:23:44 - ERROR -com.adcc.raim.controller.UserController.findByName(UserController.java:309) - 
2017-12-12 14:37:46 - INFO -com.adcc.raim.App.<clinit>(App.java:24) - 2
2017-12-12 14:37:57 - ERROR -com.adcc.raim.controller.UserController.findByName(UserController.java:311) - 
2017-12-12 14:38:05 - INFO -com.adcc.raim.App.<clinit>(App.java:24) - 2
2017-12-12 14:51:39 - INFO -com.adcc.raim.App.<clinit>(App.java:24) - 2
2017-12-12 15:02:53 - INFO -com.adcc.raim.App.<clinit>(App.java:24) - 2
2017-12-12 15:03:07 - ERROR -com.adcc.raim.controller.UserController.findByName(UserController.java:334) - 
2017-12-12 15:11:01 - INFO -com.adcc.raim.App.<clinit>(App.java:24) - 2
2017-12-12 15:14:00 - INFO -com.adcc.raim.App.<clinit>(App.java:24) - 2
2017-12-12 15:20:14 - INFO -com.adcc.raim.App.<clinit>(App.java:24) - 2
2017-12-12 15:32:19 - INFO -com.adcc.raim.App.<clinit>(App.java:24) - 2
2017-12-12 15:32:29 - ERROR -com.adcc.raim.controller.UserController.findByName(UserController.java:339) - 
2017-12-12 15:50:31 - INFO -com.adcc.raim.App.<clinit>(App.java:24) - 2
2017-12-12 15:52:56 - INFO -com.adcc.raim.App.<clinit>(App.java:24) - 2
2017-12-12 15:53:11 - INFO -com.adcc.raim.App.<clinit>(App.java:24) - 2
2017-12-12 15:53:16 - ERROR -com.adcc.raim.controller.UserController.findByName(UserController.java:339) - 
2017-12-12 15:58:01 - INFO -com.adcc.raim.App.<clinit>(App.java:24) - 2
2017-12-12 16:01:47 - INFO -com.adcc.raim.App.<clinit>(App.java:24) - 2
2017-12-12 16:03:22 - INFO -com.adcc.raim.App.<clinit>(App.java:24) - 2
2017-12-12 16:03:33 - ERROR -com.adcc.raim.controller.UserController.userUpdate(UserController.java:377) - 
2017-12-12 16:03:35 - ERROR -com.adcc.raim.controller.UserController.findByName(UserController.java:339) - 
2017-12-12 16:56:52 - INFO -com.adcc.raim.App.<clinit>(App.java:24) - 2
2017-12-12 16:57:12 - INFO -com.adcc.raim.App.<clinit>(App.java:24) - 2
2017-12-12 16:59:36 - INFO -com.adcc.raim.App.<clinit>(App.java:24) - 2
2017-12-12 16:59:45 - ERROR -com.adcc.raim.controller.UserController.findByName(UserController.java:339) - 
2017-12-12 16:59:52 - INFO -com.adcc.raim.App.<clinit>(App.java:24) - 2
2017-12-12 17:02:41 - INFO -com.adcc.raim.App.<clinit>(App.java:24) - 2
2017-12-12 17:02:47 - ERROR -com.adcc.raim.controller.UserController.userUpdate(UserController.java:377) - 
2017-12-12 17:02:48 - ERROR -com.adcc.raim.controller.UserController.findByName(UserController.java:339) - 
2017-12-12 17:10:28 - INFO -com.adcc.raim.App.<clinit>(App.java:24) - 2
2017-12-13 08:55:26 - INFO -com.adcc.raim.App.<clinit>(App.java:24) - 2
2017-12-13 08:56:13 - INFO -com.adcc.raim.controller.ErrorProcessControllerAdvice.processException(ErrorProcessControllerAdvice.java:45) - 自定义异常处理-Exception
2017-12-13 08:56:21 - INFO -com.adcc.raim.controller.ErrorProcessControllerAdvice.processException(ErrorProcessControllerAdvice.java:45) - 自定义异常处理-Exception
2017-12-13 08:58:20 - INFO -com.adcc.raim.App.<clinit>(App.java:24) - 2
2017-12-13 08:58:28 - INFO -com.adcc.raim.controller.ErrorProcessControllerAdvice.processException(ErrorProcessControllerAdvice.java:45) - 自定义异常处理-Exception
2017-12-13 08:58:29 - ERROR -com.adcc.raim.controller.UserController.findByName(UserController.java:339) - 
2017-12-13 08:58:30 - ERROR -com.adcc.raim.controller.UserController.findByName(UserController.java:339) - 
2017-12-13 08:58:48 - INFO -com.adcc.raim.controller.ErrorProcessControllerAdvice.processException(ErrorProcessControllerAdvice.java:45) - 自定义异常处理-Exception
2017-12-13 09:02:43 - INFO -com.adcc.raim.App.<clinit>(App.java:24) - 2
2017-12-13 09:03:03 - INFO -com.adcc.raim.controller.ErrorProcessControllerAdvice.processException(ErrorProcessControllerAdvice.java:45) - 自定义异常处理-Exception
2017-12-13 09:03:04 - ERROR -com.adcc.raim.controller.UserController.findByName(UserController.java:339) - 
2017-12-13 09:05:36 - INFO -com.adcc.raim.App.<clinit>(App.java:24) - 2
2017-12-13 09:10:05 - INFO -com.adcc.raim.App.<clinit>(App.java:24) - 2
2017-12-13 09:14:48 - INFO -com.adcc.raim.App.<clinit>(App.java:24) - 2
2017-12-13 09:28:45 - INFO -com.adcc.raim.App.<clinit>(App.java:24) - 2
2017-12-13 09:31:56 - INFO -com.adcc.raim.App.<clinit>(App.java:24) - 2
2017-12-13 09:32:03 - ERROR -com.adcc.raim.controller.UserController.findByName(UserController.java:339) - 
2017-12-13 09:32:03 - ERROR -com.adcc.raim.controller.UserController.findByName(UserController.java:339) - 
2017-12-13 09:32:18 - INFO -com.adcc.raim.App.<clinit>(App.java:24) - 2
2017-12-13 09:33:58 - INFO -com.adcc.raim.App.<clinit>(App.java:24) - 2
2017-12-13 09:34:06 - ERROR -com.adcc.raim.controller.UserController.findByName(UserController.java:339) - 
2017-12-13 09:36:15 - INFO -com.adcc.raim.App.<clinit>(App.java:24) - 2
2017-12-13 09:36:25 - ERROR -com.adcc.raim.controller.UserController.findByName(UserController.java:339) - 
2017-12-13 09:36:31 - ERROR -com.adcc.raim.controller.UserController.findByName(UserController.java:339) - 
2017-12-13 09:36:38 - ERROR -com.adcc.raim.controller.UserController.findByName(UserController.java:339) - 
2017-12-13 09:38:23 - INFO -com.adcc.raim.App.<clinit>(App.java:24) - 2
2017-12-13 09:41:23 - INFO -com.adcc.raim.App.<clinit>(App.java:24) - 2
2017-12-13 09:42:20 - ERROR -com.adcc.raim.controller.UserController.findByName(UserController.java:339) - 
2017-12-13 09:47:11 - INFO -com.adcc.raim.App.<clinit>(App.java:24) - 2
2017-12-13 09:47:40 - ERROR -com.adcc.raim.controller.UserController.findByName(UserController.java:339) - 
2017-12-13 09:47:50 - INFO -com.adcc.raim.App.<clinit>(App.java:24) - 2
2017-12-13 10:22:09 - INFO -com.adcc.raim.App.<clinit>(App.java:24) - 2
2017-12-13 11:00:49 - INFO -com.adcc.raim.App.<clinit>(App.java:24) - 2
2017-12-13 11:06:16 - INFO -com.adcc.raim.App.<clinit>(App.java:24) - 2
2017-12-13 11:06:25 - ERROR -com.adcc.raim.controller.UserController.userUpdate(UserController.java:377) - 
2017-12-13 11:06:26 - ERROR -com.adcc.raim.controller.UserController.findByName(UserController.java:339) - 
2017-12-13 11:22:42 - INFO -com.adcc.raim.App.<clinit>(App.java:24) - 2
2017-12-13 11:23:40 - INFO -com.adcc.raim.App.<clinit>(App.java:24) - 2
2017-12-13 11:26:45 - INFO -com.adcc.raim.App.<clinit>(App.java:24) - 2
2017-12-13 11:30:00 - INFO -com.adcc.raim.App.<clinit>(App.java:24) - 2
2017-12-13 12:56:57 - INFO -com.adcc.raim.App.<clinit>(App.java:24) - 2
2017-12-13 13:01:33 - INFO -com.adcc.raim.App.<clinit>(App.java:24) - 2
2017-12-13 13:14:49 - INFO -com.adcc.raim.App.<clinit>(App.java:24) - 2
2017-12-13 13:16:06 - INFO -com.adcc.raim.App.<clinit>(App.java:24) - 2
2017-12-13 13:16:51 - INFO -com.adcc.raim.App.<clinit>(App.java:24) - 2
2017-12-13 13:20:24 - INFO -com.adcc.raim.App.<clinit>(App.java:24) - 2
2017-12-13 13:43:00 - INFO -com.adcc.raim.App.<clinit>(App.java:24) - 2
2017-12-13 13:44:35 - ERROR -com.adcc.raim.controller.UserController.findByName(UserController.java:339) - 
2017-12-13 13:46:24 - INFO -com.adcc.raim.App.<clinit>(App.java:24) - 2
2017-12-13 14:42:36 - INFO -com.adcc.raim.App.<clinit>(App.java:24) - 2
2017-12-13 14:42:46 - INFO -com.adcc.raim.App.<clinit>(App.java:24) - 2
2017-12-13 14:44:20 - INFO -com.adcc.raim.App.<clinit>(App.java:24) - 2
2017-12-13 14:46:30 - INFO -com.adcc.raim.App.<clinit>(App.java:24) - 2
2017-12-13 14:47:21 - ERROR -com.adcc.raim.controller.UserController.userRegister(UserController.java:493) - 
### Error updating database.  Cause: com.mysql.jdbc.exceptions.jdbc4.MySQLIntegrityConstraintViolationException: Column 'loginname' cannot be null
### The error may involve com.adcc.raim.dao.UserDAO.userRegister-Inline
### The error occurred while setting parameters
### SQL: insert into r_user (userid, loginname, username,password)         values         (?, ?, ?,?)
### Cause: com.mysql.jdbc.exceptions.jdbc4.MySQLIntegrityConstraintViolationException: Column 'loginname' cannot be null
; SQL []; Column 'loginname' cannot be null; nested exception is com.mysql.jdbc.exceptions.jdbc4.MySQLIntegrityConstraintViolationException: Column 'loginname' cannot be null
2017-12-13 14:48:34 - INFO -com.adcc.raim.App.<clinit>(App.java:24) - 2
2017-12-13 14:49:09 - INFO -com.adcc.raim.App.<clinit>(App.java:24) - 2
2017-12-13 14:49:54 - ERROR -com.adcc.raim.controller.UserController.userRegister(UserController.java:493) - 
### Error updating database.  Cause: com.mysql.jdbc.exceptions.jdbc4.MySQLIntegrityConstraintViolationException: Column 'loginname' cannot be null
### The error may involve com.adcc.raim.dao.UserDAO.userRegister-Inline
### The error occurred while setting parameters
### SQL: insert into r_user (userid, loginname, username,password)         values         (?, ?, ?,?)
### Cause: com.mysql.jdbc.exceptions.jdbc4.MySQLIntegrityConstraintViolationException: Column 'loginname' cannot be null
; SQL []; Column 'loginname' cannot be null; nested exception is com.mysql.jdbc.exceptions.jdbc4.MySQLIntegrityConstraintViolationException: Column 'loginname' cannot be null
2017-12-13 14:50:04 - INFO -com.adcc.raim.App.<clinit>(App.java:24) - 2
2017-12-13 14:50:11 - INFO -com.adcc.raim.App.<clinit>(App.java:24) - 2
2017-12-13 14:53:28 - INFO -com.adcc.raim.App.<clinit>(App.java:24) - 2
2017-12-13 15:11:10 - INFO -com.adcc.raim.App.<clinit>(App.java:24) - 2
2017-12-13 15:12:51 - INFO -com.adcc.raim.App.<clinit>(App.java:24) - 2
2017-12-13 15:13:21 - ERROR -com.adcc.raim.controller.UserController.findByName(UserController.java:345) - 
2017-12-13 15:39:19 - INFO -com.adcc.raim.App.<clinit>(App.java:24) - 2
2017-12-13 15:43:49 - INFO -com.adcc.raim.App.<clinit>(App.java:24) - 2
2017-12-13 15:46:32 - INFO -com.adcc.raim.App.<clinit>(App.java:24) - 2
2017-12-13 15:47:13 - ERROR -com.adcc.raim.controller.UserController.findByName(UserController.java:346) - 
2017-12-13 15:56:29 - INFO -com.adcc.raim.App.<clinit>(App.java:24) - 2
2017-12-13 16:29:58 - INFO -com.adcc.raim.App.<clinit>(App.java:24) - 2
2017-12-13 16:54:00 - INFO -com.adcc.raim.App.<clinit>(App.java:24) - 2
2017-12-13 16:54:21 - ERROR -com.adcc.raim.controller.UserController.findByName(UserController.java:362) - 
2017-12-13 16:58:54 - INFO -com.adcc.raim.App.<clinit>(App.java:24) - 2
2017-12-13 17:09:38 - INFO -com.adcc.raim.App.<clinit>(App.java:24) - 2
2017-12-13 17:10:25 - ERROR -com.adcc.raim.controller.UserController.userRegister(UserController.java:517) - 
### Error updating database.  Cause: com.mysql.jdbc.exceptions.jdbc4.MySQLIntegrityConstraintViolationException: Duplicate entry 'aaa' for key 'loginname_UNIQUE'
### The error may involve com.adcc.raim.dao.UserDAO.userRegister-Inline
### The error occurred while setting parameters
### SQL: insert into r_user         (         userid,         loginname,         password,         username,         company,         job,         telephone,         mobile,         address,         zip,         mail         )         values         (         ?,         ?,         ?,         ?,         ?,         ?,         ?,         ?,         ?,         ?,         ?         )
### Cause: com.mysql.jdbc.exceptions.jdbc4.MySQLIntegrityConstraintViolationException: Duplicate entry 'aaa' for key 'loginname_UNIQUE'
; SQL []; Duplicate entry 'aaa' for key 'loginname_UNIQUE'; nested exception is com.mysql.jdbc.exceptions.jdbc4.MySQLIntegrityConstraintViolationException: Duplicate entry 'aaa' for key 'loginname_UNIQUE'
2017-12-13 17:14:45 - ERROR -com.adcc.raim.controller.UserController.findByName(UserController.java:363) - 
2017-12-13 17:16:56 - INFO -com.adcc.raim.App.<clinit>(App.java:24) - 2
2017-12-13 17:24:13 - ERROR -com.adcc.raim.controller.UserController.findByName(UserController.java:363) - 
2017-12-13 17:27:03 - ERROR -com.adcc.raim.controller.UserController.findByName(UserController.java:363) - 
2017-12-13 17:27:11 - INFO -com.adcc.raim.App.<clinit>(App.java:24) - 2
2017-12-13 17:40:44 - INFO -com.adcc.raim.App.<clinit>(App.java:24) - 2
2017-12-13 17:43:58 - INFO -com.adcc.raim.App.<clinit>(App.java:24) - 2
2017-12-13 17:47:20 - INFO -com.adcc.raim.App.<clinit>(App.java:24) - 2
2017-12-13 17:48:02 - INFO -com.adcc.raim.App.<clinit>(App.java:24) - 2
2017-12-13 17:49:27 - ERROR -com.adcc.raim.controller.UserController.findByUserNameAndPassword(UserController.java:270) - 
2017-12-13 17:51:20 - ERROR -com.adcc.raim.controller.UserController.findByUserNameAndPassword(UserController.java:270) - 
